Started GET "/patients" for ::1 at 2024-03-01 15:27:20 +0200
  
ActiveRecord::NoDatabaseError (We could not find your database: hospitals_app_development. Available database configurations can be found in config/database.yml.

To resolve this error:

- Did you not create the database, or did you delete it? To create the database, run:

    bin/rails db:create

- Has the database name changed? Verify that config/database.yml contains the correct database name.
):
  
activerecord (7.1.3.2) lib/active_record/connection_adapters/mysql2_adapter.rb:40:in `rescue in new_client'
activerecord (7.1.3.2) lib/active_record/connection_adapters/mysql2_adapter.rb:35:in `new_client'
activerecord (7.1.3.2) lib/active_record/connection_adapters/mysql2_adapter.rb:159:in `connect'
activerecord (7.1.3.2) lib/active_record/connection_adapters/mysql2_adapter.rb:167:in `reconnect'
activerecord (7.1.3.2) lib/active_record/connection_adapters/abstract_adapter.rb:685:in `block in reconnect!'
activesupport (7.1.3.2) lib/active_support/concurrency/null_lock.rb:9:in `synchronize'
activerecord (7.1.3.2) lib/active_record/connection_adapters/abstract_adapter.rb:684:in `reconnect!'
activerecord (7.1.3.2) lib/active_record/connection_adapters/abstract_adapter.rb:788:in `verify!'
activerecord (7.1.3.2) lib/active_record/connection_adapters/abstract_adapter.rb:795:in `connect!'
activerecord (7.1.3.2) lib/active_record/connection_adapters/abstract_adapter.rb:1001:in `block in with_raw_connection'
activesupport (7.1.3.2) lib/active_support/concurrency/null_lock.rb:9:in `synchronize'
activerecord (7.1.3.2) lib/active_record/connection_adapters/abstract_adapter.rb:1000:in `with_raw_connection'
activerecord (7.1.3.2) lib/active_record/connection_adapters/abstract_adapter.rb:1113:in `valid_raw_connection'
activerecord (7.1.3.2) lib/active_record/connection_adapters/abstract_adapter.rb:1100:in `any_raw_connection'
activerecord (7.1.3.2) lib/active_record/connection_adapters/mysql2_adapter.rb:181:in `get_full_version'
activerecord (7.1.3.2) lib/active_record/connection_adapters/abstract_mysql_adapter.rb:87:in `get_database_version'
activerecord (7.1.3.2) lib/active_record/connection_adapters/schema_cache.rb:374:in `database_version'
activerecord (7.1.3.2) lib/active_record/connection_adapters/schema_cache.rb:70:in `database_version'
activerecord (7.1.3.2) lib/active_record/connection_adapters/schema_cache.rb:200:in `database_version'
activerecord (7.1.3.2) lib/active_record/connection_adapters/abstract_adapter.rb:871:in `database_version'
activerecord (7.1.3.2) lib/active_record/connection_adapters/abstract_mysql_adapter.rb:657:in `check_version'
activerecord (7.1.3.2) lib/active_record/connection_adapters/abstract/connection_pool.rb:678:in `new_connection'
activerecord (7.1.3.2) lib/active_record/connection_adapters/abstract/connection_pool.rb:723:in `checkout_new_connection'
activerecord (7.1.3.2) lib/active_record/connection_adapters/abstract/connection_pool.rb:702:in `try_to_checkout_new_connection'
activerecord (7.1.3.2) lib/active_record/connection_adapters/abstract/connection_pool.rb:654:in `acquire_connection'
activerecord (7.1.3.2) lib/active_record/connection_adapters/abstract/connection_pool.rb:353:in `checkout'
activerecord (7.1.3.2) lib/active_record/connection_adapters/abstract/connection_pool.rb:182:in `connection'
activerecord (7.1.3.2) lib/active_record/migration/pending_migration_connection.rb:8:in `establish_temporary_connection'
activerecord (7.1.3.2) lib/active_record/migration.rb:774:in `block in pending_migrations'
activerecord (7.1.3.2) lib/active_record/migration.rb:773:in `each'
activerecord (7.1.3.2) lib/active_record/migration.rb:773:in `pending_migrations'
activerecord (7.1.3.2) lib/active_record/migration.rb:752:in `check_pending_migrations'
activerecord (7.1.3.2) lib/active_record/migration.rb:644:in `block (2 levels) in call'
activesupport (7.1.3.2) lib/active_support/file_update_checker.rb:85:in `execute'
activerecord (7.1.3.2) lib/active_record/migration.rb:649:in `block in call'
activerecord (7.1.3.2) lib/active_record/migration.rb:641:in `synchronize'
activerecord (7.1.3.2) lib/active_record/migration.rb:641:in `call'
actionpack (7.1.3.2) lib/action_dispatch/middleware/callbacks.rb:29:in `block in call'
activesupport (7.1.3.2) lib/active_support/callbacks.rb:101:in `run_callbacks'
actionpack (7.1.3.2) lib/action_dispatch/middleware/callbacks.rb:28:in `call'
actionpack (7.1.3.2) lib/action_dispatch/middleware/executor.rb:14:in `call'
actionpack (7.1.3.2) lib/action_dispatch/middleware/actionable_exceptions.rb:16:in `call'
actionpack (7.1.3.2) lib/action_dispatch/middleware/debug_exceptions.rb:29:in `call'
web-console (4.2.1) lib/web_console/middleware.rb:132:in `call_app'
web-console (4.2.1) lib/web_console/middleware.rb:28:in `block in call'
web-console (4.2.1) lib/web_console/middleware.rb:17:in `catch'
web-console (4.2.1) lib/web_console/middleware.rb:17:in `call'
actionpack (7.1.3.2) lib/action_dispatch/middleware/show_exceptions.rb:31:in `call'
railties (7.1.3.2) lib/rails/rack/logger.rb:37:in `call_app'
railties (7.1.3.2) lib/rails/rack/logger.rb:24:in `block in call'
activesupport (7.1.3.2) lib/active_support/tagged_logging.rb:135:in `block in tagged'
activesupport (7.1.3.2) lib/active_support/tagged_logging.rb:39:in `tagged'
activesupport (7.1.3.2) lib/active_support/tagged_logging.rb:135:in `tagged'
activesupport (7.1.3.2) lib/active_support/broadcast_logger.rb:240:in `method_missing'
railties (7.1.3.2) lib/rails/rack/logger.rb:24:in `call'
sprockets-rails (3.4.2) lib/sprockets/rails/quiet_assets.rb:13:in `call'
actionpack (7.1.3.2) lib/action_dispatch/middleware/remote_ip.rb:92:in `call'
actionpack (7.1.3.2) lib/action_dispatch/middleware/request_id.rb:28:in `call'
rack (3.0.9.1) lib/rack/method_override.rb:28:in `call'
rack (3.0.9.1) lib/rack/runtime.rb:24:in `call'
activesupport (7.1.3.2) lib/active_support/cache/strategy/local_cache_middleware.rb:29:in `call'
actionpack (7.1.3.2) lib/action_dispatch/middleware/server_timing.rb:59:in `block in call'
actionpack (7.1.3.2) lib/action_dispatch/middleware/server_timing.rb:24:in `collect_events'
actionpack (7.1.3.2) lib/action_dispatch/middleware/server_timing.rb:58:in `call'
actionpack (7.1.3.2) lib/action_dispatch/middleware/executor.rb:14:in `call'
actionpack (7.1.3.2) lib/action_dispatch/middleware/static.rb:25:in `call'
rack (3.0.9.1) lib/rack/sendfile.rb:114:in `call'
actionpack (7.1.3.2) lib/action_dispatch/middleware/host_authorization.rb:141:in `call'
railties (7.1.3.2) lib/rails/engine.rb:536:in `call'
puma (6.4.2) lib/puma/configuration.rb:272:in `call'
puma (6.4.2) lib/puma/request.rb:100:in `block in handle_request'
puma (6.4.2) lib/puma/thread_pool.rb:378:in `with_force_shutdown'
puma (6.4.2) lib/puma/request.rb:99:in `handle_request'
puma (6.4.2) lib/puma/server.rb:464:in `process_client'
puma (6.4.2) lib/puma/server.rb:245:in `block in run'
puma (6.4.2) lib/puma/thread_pool.rb:155:in `block in spawn_thread'
Started POST "/rails/actions" for ::1 at 2024-03-01 15:27:21 +0200
  [1m[35m (6.4ms)[0m  [1m[35mCREATE DATABASE `hospitals_app_development` DEFAULT CHARACTER SET `utf8mb4`[0m
  [1m[35m (15.0ms)[0m  [1m[35mCREATE DATABASE `hospitals_app_test` DEFAULT CHARACTER SET `utf8mb4`[0m
Started GET "/patients" for ::1 at 2024-03-01 15:27:21 +0200
  [1m[35m (24.4ms)[0m  [1m[35mCREATE TABLE `schema_migrations` (`version` varchar(255) NOT NULL PRIMARY KEY)[0m
  [1m[35m (23.6ms)[0m  [1m[35mCREATE TABLE `ar_internal_metadata` (`key` varchar(255) NOT NULL PRIMARY KEY, `value` varchar(255), `created_at` datetime(6) NOT NULL, `updated_at` datetime(6) NOT NULL)[0m
  [1m[36mActiveRecord::SchemaMigration Load (0.8ms)[0m  [1m[34mSELECT `schema_migrations`.`version` FROM `schema_migrations` ORDER BY `schema_migrations`.`version` ASC[0m
  
ActiveRecord::PendingMigrationError (

Migrations are pending. To resolve this issue, run:

        bin/rails db:migrate

You have 5 pending migrations:

db/migrate/20240301132111_create_hospitals.rb
db/migrate/20240301132209_create_doctors.rb
db/migrate/20240301132419_create_patients.rb
db/migrate/20240301132459_create_medical_records.rb
db/migrate/20240301132524_create_appointments.rb


):
  
activerecord (7.1.3.2) lib/active_record/migration.rb:755:in `check_pending_migrations'
activerecord (7.1.3.2) lib/active_record/migration.rb:644:in `block (2 levels) in call'
activesupport (7.1.3.2) lib/active_support/file_update_checker.rb:85:in `execute'
activerecord (7.1.3.2) lib/active_record/migration.rb:649:in `block in call'
activerecord (7.1.3.2) lib/active_record/migration.rb:641:in `synchronize'
activerecord (7.1.3.2) lib/active_record/migration.rb:641:in `call'
actionpack (7.1.3.2) lib/action_dispatch/middleware/callbacks.rb:29:in `block in call'
activesupport (7.1.3.2) lib/active_support/callbacks.rb:101:in `run_callbacks'
actionpack (7.1.3.2) lib/action_dispatch/middleware/callbacks.rb:28:in `call'
actionpack (7.1.3.2) lib/action_dispatch/middleware/executor.rb:14:in `call'
actionpack (7.1.3.2) lib/action_dispatch/middleware/actionable_exceptions.rb:16:in `call'
actionpack (7.1.3.2) lib/action_dispatch/middleware/debug_exceptions.rb:29:in `call'
web-console (4.2.1) lib/web_console/middleware.rb:132:in `call_app'
web-console (4.2.1) lib/web_console/middleware.rb:28:in `block in call'
web-console (4.2.1) lib/web_console/middleware.rb:17:in `catch'
web-console (4.2.1) lib/web_console/middleware.rb:17:in `call'
actionpack (7.1.3.2) lib/action_dispatch/middleware/show_exceptions.rb:31:in `call'
railties (7.1.3.2) lib/rails/rack/logger.rb:37:in `call_app'
railties (7.1.3.2) lib/rails/rack/logger.rb:24:in `block in call'
activesupport (7.1.3.2) lib/active_support/tagged_logging.rb:135:in `block in tagged'
activesupport (7.1.3.2) lib/active_support/tagged_logging.rb:39:in `tagged'
activesupport (7.1.3.2) lib/active_support/tagged_logging.rb:135:in `tagged'
activesupport (7.1.3.2) lib/active_support/broadcast_logger.rb:240:in `method_missing'
railties (7.1.3.2) lib/rails/rack/logger.rb:24:in `call'
sprockets-rails (3.4.2) lib/sprockets/rails/quiet_assets.rb:13:in `call'
actionpack (7.1.3.2) lib/action_dispatch/middleware/remote_ip.rb:92:in `call'
actionpack (7.1.3.2) lib/action_dispatch/middleware/request_id.rb:28:in `call'
rack (3.0.9.1) lib/rack/method_override.rb:28:in `call'
rack (3.0.9.1) lib/rack/runtime.rb:24:in `call'
activesupport (7.1.3.2) lib/active_support/cache/strategy/local_cache_middleware.rb:29:in `call'
actionpack (7.1.3.2) lib/action_dispatch/middleware/server_timing.rb:59:in `block in call'
actionpack (7.1.3.2) lib/action_dispatch/middleware/server_timing.rb:24:in `collect_events'
actionpack (7.1.3.2) lib/action_dispatch/middleware/server_timing.rb:58:in `call'
actionpack (7.1.3.2) lib/action_dispatch/middleware/executor.rb:14:in `call'
actionpack (7.1.3.2) lib/action_dispatch/middleware/static.rb:25:in `call'
rack (3.0.9.1) lib/rack/sendfile.rb:114:in `call'
actionpack (7.1.3.2) lib/action_dispatch/middleware/host_authorization.rb:141:in `call'
railties (7.1.3.2) lib/rails/engine.rb:536:in `call'
puma (6.4.2) lib/puma/configuration.rb:272:in `call'
puma (6.4.2) lib/puma/request.rb:100:in `block in handle_request'
puma (6.4.2) lib/puma/thread_pool.rb:378:in `with_force_shutdown'
puma (6.4.2) lib/puma/request.rb:99:in `handle_request'
puma (6.4.2) lib/puma/server.rb:464:in `process_client'
puma (6.4.2) lib/puma/server.rb:245:in `block in run'
puma (6.4.2) lib/puma/thread_pool.rb:155:in `block in spawn_thread'
Started POST "/rails/actions" for ::1 at 2024-03-01 15:27:23 +0200
  [1m[35m (0.3ms)[0m  [1m[34mSELECT GET_LOCK('2697142690374194685', 0)[0m
  [1m[36mActiveRecord::SchemaMigration Load (0.4ms)[0m  [1m[34mSELECT `schema_migrations`.`version` FROM `schema_migrations` ORDER BY `schema_migrations`.`version` ASC[0m
  [1m[36mActiveRecord::InternalMetadata Load (1.9ms)[0m  [1m[34mSELECT * FROM `ar_internal_metadata` WHERE `ar_internal_metadata`.`key` = 'environment' ORDER BY `ar_internal_metadata`.`key` ASC LIMIT 1[0m
  [1m[36mActiveRecord::InternalMetadata Create (4.7ms)[0m  [1m[32mINSERT INTO `ar_internal_metadata` (`key`, `value`, `created_at`, `updated_at`) VALUES ('environment', 'development', '2024-03-01 13:27:23.183527', '2024-03-01 13:27:23.183533')[0m
Migrating to CreateHospitals (20240301132111)
  [1m[35m (26.1ms)[0m  [1m[35mCREATE TABLE `hospitals` (`id` bigint NOT NULL AUTO_INCREMENT PRIMARY KEY, `name` varchar(255), `country` varchar(255), `city` varchar(255), `phone_number` varchar(255), `created_at` datetime(6) NOT NULL, `updated_at` datetime(6) NOT NULL)[0m
  [1m[36mActiveRecord::SchemaMigration Create (3.0ms)[0m  [1m[32mINSERT INTO `schema_migrations` (`version`) VALUES ('20240301132111')[0m
Migrating to CreateDoctors (20240301132209)
  [1m[35m (29.6ms)[0m  [1m[35mCREATE TABLE `doctors` (`id` bigint NOT NULL AUTO_INCREMENT PRIMARY KEY, `hospital_id` bigint NOT NULL, `name` varchar(255), `specialization` varchar(255), `phone_number` varchar(255), `created_at` datetime(6) NOT NULL, `updated_at` datetime(6) NOT NULL, INDEX `index_doctors_on_hospital_id` (`hospital_id`), CONSTRAINT `fk_rails_5d3ea700f7`
FOREIGN KEY (`hospital_id`)
  REFERENCES `hospitals` (`id`)
)[0m
  [1m[36mActiveRecord::SchemaMigration Create (5.2ms)[0m  [1m[32mINSERT INTO `schema_migrations` (`version`) VALUES ('20240301132209')[0m
Migrating to CreatePatients (20240301132419)
  [1m[35m (23.2ms)[0m  [1m[35mCREATE TABLE `patients` (`id` bigint NOT NULL AUTO_INCREMENT PRIMARY KEY, `name` varchar(255), `gender` varchar(255), `date_of_birth` date, `created_at` datetime(6) NOT NULL, `updated_at` datetime(6) NOT NULL)[0m
  [1m[36mActiveRecord::SchemaMigration Create (3.8ms)[0m  [1m[32mINSERT INTO `schema_migrations` (`version`) VALUES ('20240301132419')[0m
Migrating to CreateMedicalRecords (20240301132459)
  [1m[35m (37.2ms)[0m  [1m[35mCREATE TABLE `medical_records` (`id` bigint NOT NULL AUTO_INCREMENT PRIMARY KEY, `doctor_id` bigint NOT NULL, `patient_id` bigint NOT NULL, `date` datetime(6), `diagnosis` varchar(255), `treatment` text, `created_at` datetime(6) NOT NULL, `updated_at` datetime(6) NOT NULL, INDEX `index_medical_records_on_doctor_id` (`doctor_id`), INDEX `index_medical_records_on_patient_id` (`patient_id`), CONSTRAINT `fk_rails_b3bbaeca11`
FOREIGN KEY (`doctor_id`)
  REFERENCES `doctors` (`id`)
, CONSTRAINT `fk_rails_f632c11a1e`
FOREIGN KEY (`patient_id`)
  REFERENCES `patients` (`id`)
)[0m
  [1m[36mActiveRecord::SchemaMigration Create (3.8ms)[0m  [1m[32mINSERT INTO `schema_migrations` (`version`) VALUES ('20240301132459')[0m
Migrating to CreateAppointments (20240301132524)
  [1m[35m (36.1ms)[0m  [1m[35mCREATE TABLE `appointments` (`id` bigint NOT NULL AUTO_INCREMENT PRIMARY KEY, `doctor_id` bigint NOT NULL, `patient_id` bigint NOT NULL, `date` datetime(6), `created_at` datetime(6) NOT NULL, `updated_at` datetime(6) NOT NULL, INDEX `index_appointments_on_doctor_id` (`doctor_id`), INDEX `index_appointments_on_patient_id` (`patient_id`), CONSTRAINT `fk_rails_8db8e1e8a5`
FOREIGN KEY (`doctor_id`)
  REFERENCES `doctors` (`id`)
, CONSTRAINT `fk_rails_c63da04ab4`
FOREIGN KEY (`patient_id`)
  REFERENCES `patients` (`id`)
)[0m
  [1m[36mActiveRecord::SchemaMigration Create (4.3ms)[0m  [1m[32mINSERT INTO `schema_migrations` (`version`) VALUES ('20240301132524')[0m
  [1m[35m (0.2ms)[0m  [1m[34mSELECT RELEASE_LOCK('2697142690374194685')[0m
  [1m[36mActiveRecord::SchemaMigration Load (0.2ms)[0m  [1m[34mSELECT `schema_migrations`.`version` FROM `schema_migrations` ORDER BY `schema_migrations`.`version` ASC[0m
Started GET "/patients" for ::1 at 2024-03-01 15:27:23 +0200
  [1m[36mActiveRecord::SchemaMigration Load (0.2ms)[0m  [1m[34mSELECT `schema_migrations`.`version` FROM `schema_migrations` ORDER BY `schema_migrations`.`version` ASC[0m
Processing by PatientsController#index as HTML
  Rendering layout layouts/application.html.erb
  Rendering patients/index.html.erb within layouts/application
  [1m[36mPatient Load (0.3ms)[0m  [1m[34mSELECT `patients`.* FROM `patients`[0m
  ↳ app/views/patients/index.html.erb:6
  Rendered patients/index.html.erb within layouts/application (Duration: 3.9ms | Allocations: 1486)
  Rendered layout layouts/application.html.erb (Duration: 188.9ms | Allocations: 94263)
Completed 200 OK in 208ms (Views: 189.8ms | ActiveRecord: 0.3ms | Allocations: 111729)


Started GET "/patients/new" for ::1 at 2024-03-01 15:27:27 +0200
Processing by PatientsController#new as HTML
  Rendering layout layouts/application.html.erb
  Rendering patients/new.html.erb within layouts/application
  Rendered patients/_form.html.erb (Duration: 10.8ms | Allocations: 6814)
  Rendered patients/new.html.erb within layouts/application (Duration: 12.0ms | Allocations: 7162)
  Rendered layout layouts/application.html.erb (Duration: 13.3ms | Allocations: 9383)
Completed 200 OK in 47ms (Views: 13.9ms | ActiveRecord: 5.2ms | Allocations: 96010)


Started GET "/patients/new" for ::1 at 2024-03-01 15:27:47 +0200
Processing by PatientsController#new as HTML
  Rendering layout layouts/application.html.erb
  Rendering patients/new.html.erb within layouts/application
  Rendered patients/_form.html.erb (Duration: 2.7ms | Allocations: 1113)
  Rendered patients/new.html.erb within layouts/application (Duration: 3.1ms | Allocations: 1192)
  Rendered layout layouts/application.html.erb (Duration: 5.3ms | Allocations: 3285)
Completed 200 OK in 7ms (Views: 6.1ms | ActiveRecord: 0.0ms | Allocations: 3660)


Started GET "/patients" for ::1 at 2024-03-01 15:27:51 +0200
Processing by PatientsController#index as HTML
  Rendering layout layouts/application.html.erb
  Rendering patients/index.html.erb within layouts/application
  [1m[36mPatient Load (0.4ms)[0m  [1m[34mSELECT `patients`.* FROM `patients`[0m
  ↳ app/views/patients/index.html.erb:6
  Rendered patients/index.html.erb within layouts/application (Duration: 3.1ms | Allocations: 919)
  Rendered layout layouts/application.html.erb (Duration: 6.3ms | Allocations: 3044)
Completed 200 OK in 8ms (Views: 6.7ms | ActiveRecord: 0.4ms | Allocations: 3367)


Started GET "/patients/new" for ::1 at 2024-03-01 15:27:51 +0200
Processing by PatientsController#new as HTML
  Rendering layout layouts/application.html.erb
  Rendering patients/new.html.erb within layouts/application
  Rendered patients/_form.html.erb (Duration: 2.0ms | Allocations: 983)
  Rendered patients/new.html.erb within layouts/application (Duration: 2.3ms | Allocations: 1058)
  Rendered layout layouts/application.html.erb (Duration: 4.4ms | Allocations: 3149)
Completed 200 OK in 6ms (Views: 5.3ms | ActiveRecord: 0.0ms | Allocations: 3470)


Started GET "/patients" for ::1 at 2024-03-01 15:27:52 +0200
Processing by PatientsController#index as HTML
  Rendering layout layouts/application.html.erb
  Rendering patients/index.html.erb within layouts/application
  [1m[36mPatient Load (0.4ms)[0m  [1m[34mSELECT `patients`.* FROM `patients`[0m
  ↳ app/views/patients/index.html.erb:6
  Rendered patients/index.html.erb within layouts/application (Duration: 2.5ms | Allocations: 842)
  Rendered layout layouts/application.html.erb (Duration: 4.6ms | Allocations: 2946)
Completed 200 OK in 6ms (Views: 4.9ms | ActiveRecord: 0.4ms | Allocations: 3263)


Started GET "/patients/new" for ::1 at 2024-03-01 15:27:53 +0200
Processing by PatientsController#new as HTML
  Rendering layout layouts/application.html.erb
  Rendering patients/new.html.erb within layouts/application
  Rendered patients/_form.html.erb (Duration: 2.2ms | Allocations: 988)
  Rendered patients/new.html.erb within layouts/application (Duration: 2.5ms | Allocations: 1063)
  Rendered layout layouts/application.html.erb (Duration: 4.5ms | Allocations: 3154)
Completed 200 OK in 6ms (Views: 5.2ms | ActiveRecord: 0.0ms | Allocations: 3474)


Started GET "/patients" for ::1 at 2024-03-01 15:27:54 +0200
Processing by PatientsController#index as HTML
  Rendering layout layouts/application.html.erb
  Rendering patients/index.html.erb within layouts/application
  [1m[36mPatient Load (0.3ms)[0m  [1m[34mSELECT `patients`.* FROM `patients`[0m
  ↳ app/views/patients/index.html.erb:6
  Rendered patients/index.html.erb within layouts/application (Duration: 2.8ms | Allocations: 848)
  Rendered layout layouts/application.html.erb (Duration: 4.9ms | Allocations: 2952)
Completed 200 OK in 6ms (Views: 5.3ms | ActiveRecord: 0.3ms | Allocations: 3273)


Started GET "/patients" for ::1 at 2024-03-01 15:40:49 +0200
Processing by PatientsController#index as HTML
  Rendering layout layouts/application.html.erb
  Rendering patients/index.html.erb within layouts/application
  [1m[36mPatient Load (0.2ms)[0m  [1m[34mSELECT `patients`.* FROM `patients`[0m
  ↳ app/views/patients/index.html.erb:6
  Rendered patients/index.html.erb within layouts/application (Duration: 8.4ms | Allocations: 1519)
  Rendered layout layouts/application.html.erb (Duration: 13.7ms | Allocations: 4002)
Completed 200 OK in 20ms (Views: 15.5ms | ActiveRecord: 0.4ms | Allocations: 6162)


Started GET "/" for ::1 at 2024-03-01 15:40:52 +0200
Processing by MainController#index as HTML
  Rendering layout layouts/application.html.erb
  Rendering main/index.html.erb within layouts/application
  Rendered main/index.html.erb within layouts/application (Duration: 0.6ms | Allocations: 370)
  Rendered layout layouts/application.html.erb (Duration: 10.2ms | Allocations: 2887)
Completed 200 OK in 12ms (Views: 10.8ms | ActiveRecord: 0.0ms | Allocations: 3478)


Started GET "/hospitals" for ::1 at 2024-03-01 15:40:53 +0200
Processing by HospitalsController#index as HTML
  Rendering layout layouts/application.html.erb
  Rendering hospitals/index.html.erb within layouts/application
  [1m[36mHospital Load (1.4ms)[0m  [1m[34mSELECT `hospitals`.* FROM `hospitals`[0m
  ↳ app/views/hospitals/index.html.erb:6
  Rendered hospitals/index.html.erb within layouts/application (Duration: 8.6ms | Allocations: 1376)
  Rendered layout layouts/application.html.erb (Duration: 12.2ms | Allocations: 3602)
Completed 200 OK in 21ms (Views: 13.1ms | ActiveRecord: 1.4ms | Allocations: 4757)


Started GET "/patients" for ::1 at 2024-03-01 15:40:55 +0200
Processing by PatientsController#index as HTML
  Rendering layout layouts/application.html.erb
  Rendering patients/index.html.erb within layouts/application
  [1m[36mPatient Load (0.4ms)[0m  [1m[34mSELECT `patients`.* FROM `patients`[0m
  ↳ app/views/patients/index.html.erb:6
  Rendered patients/index.html.erb within layouts/application (Duration: 2.9ms | Allocations: 835)
  Rendered layout layouts/application.html.erb (Duration: 5.0ms | Allocations: 2940)
Completed 200 OK in 7ms (Views: 5.9ms | ActiveRecord: 0.4ms | Allocations: 3264)


Started GET "/doctors" for ::1 at 2024-03-01 15:40:57 +0200
Processing by DoctorsController#index as HTML
  Rendering layout layouts/application.html.erb
  Rendering doctors/index.html.erb within layouts/application
  [1m[36mDoctor Load (0.3ms)[0m  [1m[34mSELECT `doctors`.* FROM `doctors`[0m
  ↳ app/views/doctors/index.html.erb:6
  Rendered doctors/index.html.erb within layouts/application (Duration: 2.2ms | Allocations: 1356)
  Rendered layout layouts/application.html.erb (Duration: 4.0ms | Allocations: 3580)
Completed 200 OK in 8ms (Views: 4.3ms | ActiveRecord: 0.3ms | Allocations: 7049)


Started GET "/medical_records" for ::1 at 2024-03-01 15:40:58 +0200
Processing by MedicalRecordsController#index as HTML
  Rendering layout layouts/application.html.erb
  Rendering medical_records/index.html.erb within layouts/application
  [1m[36mMedicalRecord Load (0.3ms)[0m  [1m[34mSELECT `medical_records`.* FROM `medical_records`[0m
  ↳ app/views/medical_records/index.html.erb:6
  Rendered medical_records/index.html.erb within layouts/application (Duration: 3.0ms | Allocations: 1347)
  Rendered layout layouts/application.html.erb (Duration: 5.3ms | Allocations: 3571)
Completed 200 OK in 9ms (Views: 5.9ms | ActiveRecord: 0.3ms | Allocations: 7286)


Started GET "/hospitals" for ::1 at 2024-03-01 15:41:01 +0200
Processing by HospitalsController#index as HTML
  Rendering layout layouts/application.html.erb
  Rendering hospitals/index.html.erb within layouts/application
  [1m[36mHospital Load (0.3ms)[0m  [1m[34mSELECT `hospitals`.* FROM `hospitals`[0m
  ↳ app/views/hospitals/index.html.erb:6
  Rendered hospitals/index.html.erb within layouts/application (Duration: 1.9ms | Allocations: 847)
  Rendered layout layouts/application.html.erb (Duration: 3.6ms | Allocations: 2951)
Completed 200 OK in 5ms (Views: 3.9ms | ActiveRecord: 0.2ms | Allocations: 3274)


Started GET "/doctors" for ::1 at 2024-03-01 15:41:02 +0200
Processing by DoctorsController#index as HTML
  Rendering layout layouts/application.html.erb
  Rendering doctors/index.html.erb within layouts/application
  [1m[36mDoctor Load (0.2ms)[0m  [1m[34mSELECT `doctors`.* FROM `doctors`[0m
  ↳ app/views/doctors/index.html.erb:6
  Rendered doctors/index.html.erb within layouts/application (Duration: 1.5ms | Allocations: 853)
  Rendered layout layouts/application.html.erb (Duration: 2.9ms | Allocations: 2957)
Completed 200 OK in 4ms (Views: 3.2ms | ActiveRecord: 0.2ms | Allocations: 3276)


Started GET "/patients" for ::1 at 2024-03-01 15:41:04 +0200
Processing by PatientsController#index as HTML
  Rendering layout layouts/application.html.erb
  Rendering patients/index.html.erb within layouts/application
  [1m[36mPatient Load (0.2ms)[0m  [1m[34mSELECT `patients`.* FROM `patients`[0m
  ↳ app/views/patients/index.html.erb:6
  Rendered patients/index.html.erb within layouts/application (Duration: 1.3ms | Allocations: 837)
  Rendered layout layouts/application.html.erb (Duration: 2.8ms | Allocations: 2941)
Completed 200 OK in 3ms (Views: 3.0ms | ActiveRecord: 0.2ms | Allocations: 3260)


Started GET "/appointments" for ::1 at 2024-03-01 15:41:05 +0200
Processing by AppointmentsController#index as HTML
  Rendering layout layouts/application.html.erb
  Rendering appointments/index.html.erb within layouts/application
  [1m[36mAppointment Load (0.3ms)[0m  [1m[34mSELECT `appointments`.* FROM `appointments`[0m
  ↳ app/views/appointments/index.html.erb:6
  Rendered appointments/index.html.erb within layouts/application (Duration: 2.6ms | Allocations: 1346)
  Rendered layout layouts/application.html.erb (Duration: 4.2ms | Allocations: 3570)
Completed 200 OK in 9ms (Views: 5.0ms | ActiveRecord: 0.3ms | Allocations: 7229)


Started GET "/hospitals" for ::1 at 2024-03-01 15:41:26 +0200
Processing by HospitalsController#index as HTML
  Rendering layout layouts/application.html.erb
  Rendering hospitals/index.html.erb within layouts/application
  [1m[36mHospital Load (0.2ms)[0m  [1m[34mSELECT `hospitals`.* FROM `hospitals`[0m
  ↳ app/views/hospitals/index.html.erb:6
  Rendered hospitals/index.html.erb within layouts/application (Duration: 1.5ms | Allocations: 845)
  Rendered layout layouts/application.html.erb (Duration: 3.3ms | Allocations: 2963)
Completed 200 OK in 4ms (Views: 3.5ms | ActiveRecord: 0.2ms | Allocations: 3286)


Started GET "/doctors" for ::1 at 2024-03-01 15:41:28 +0200
Processing by DoctorsController#index as HTML
  Rendering layout layouts/application.html.erb
  Rendering doctors/index.html.erb within layouts/application
  [1m[36mDoctor Load (0.2ms)[0m  [1m[34mSELECT `doctors`.* FROM `doctors`[0m
  ↳ app/views/doctors/index.html.erb:6
  Rendered doctors/index.html.erb within layouts/application (Duration: 1.6ms | Allocations: 845)
  Rendered layout layouts/application.html.erb (Duration: 3.4ms | Allocations: 2949)
Completed 200 OK in 4ms (Views: 3.8ms | ActiveRecord: 0.2ms | Allocations: 3268)


Started GET "/patients" for ::1 at 2024-03-01 15:41:29 +0200
Processing by PatientsController#index as HTML
  Rendering layout layouts/application.html.erb
  Rendering patients/index.html.erb within layouts/application
  [1m[36mPatient Load (0.2ms)[0m  [1m[34mSELECT `patients`.* FROM `patients`[0m
  ↳ app/views/patients/index.html.erb:6
  Rendered patients/index.html.erb within layouts/application (Duration: 1.7ms | Allocations: 845)
  Rendered layout layouts/application.html.erb (Duration: 3.1ms | Allocations: 2949)
Completed 200 OK in 4ms (Views: 3.4ms | ActiveRecord: 0.2ms | Allocations: 3268)


Started GET "/appointments" for ::1 at 2024-03-01 15:41:30 +0200
Processing by AppointmentsController#index as HTML
  Rendering layout layouts/application.html.erb
  Rendering appointments/index.html.erb within layouts/application
  [1m[36mAppointment Load (0.2ms)[0m  [1m[34mSELECT `appointments`.* FROM `appointments`[0m
  ↳ app/views/appointments/index.html.erb:6
  Rendered appointments/index.html.erb within layouts/application (Duration: 1.5ms | Allocations: 844)
  Rendered layout layouts/application.html.erb (Duration: 2.9ms | Allocations: 2948)
Completed 200 OK in 4ms (Views: 3.2ms | ActiveRecord: 0.2ms | Allocations: 3265)


Started GET "/hospitals" for ::1 at 2024-03-01 15:41:32 +0200
Processing by HospitalsController#index as HTML
  Rendering layout layouts/application.html.erb
  Rendering hospitals/index.html.erb within layouts/application
  [1m[36mHospital Load (0.3ms)[0m  [1m[34mSELECT `hospitals`.* FROM `hospitals`[0m
  ↳ app/views/hospitals/index.html.erb:6
  Rendered hospitals/index.html.erb within layouts/application (Duration: 2.4ms | Allocations: 840)
  Rendered layout layouts/application.html.erb (Duration: 4.8ms | Allocations: 2944)
Completed 200 OK in 6ms (Views: 5.2ms | ActiveRecord: 0.3ms | Allocations: 3261)


Started GET "/hospitals/new" for ::1 at 2024-03-01 15:41:33 +0200
Processing by HospitalsController#new as HTML
  Rendering layout layouts/application.html.erb
  Rendering hospitals/new.html.erb within layouts/application
  Rendered hospitals/_form.html.erb (Duration: 2.2ms | Allocations: 1910)
  Rendered hospitals/new.html.erb within layouts/application (Duration: 2.9ms | Allocations: 2204)
  Rendered layout layouts/application.html.erb (Duration: 4.3ms | Allocations: 4296)
Completed 200 OK in 20ms (Views: 4.9ms | ActiveRecord: 1.9ms | Allocations: 44282)


Started POST "/hospitals" for ::1 at 2024-03-01 15:41:43 +0200
Processing by HospitalsController#create as HTML
  Parameters: {"authenticity_token"=>"[FILTERED]", "hospital"=>{"name"=>"rjyhtrsgfs", "country"=>"t,umrynjthbgrv", "city"=>"tumryjnthbgrv", "phone_number"=>"7856534"}, "commit"=>"Create Hospital"}
  [1m[36mTRANSACTION (0.1ms)[0m  [1m[35mBEGIN[0m
  ↳ app/controllers/hospitals_controller.rb:27:in `block in create'
  [1m[36mHospital Create (1.3ms)[0m  [1m[32mINSERT INTO `hospitals` (`name`, `country`, `city`, `phone_number`, `created_at`, `updated_at`) VALUES ('rjyhtrsgfs', 't,umrynjthbgrv', 'tumryjnthbgrv', '7856534', '2024-03-01 13:41:43.289985', '2024-03-01 13:41:43.289985')[0m
  ↳ app/controllers/hospitals_controller.rb:27:in `block in create'
  [1m[36mTRANSACTION (3.8ms)[0m  [1m[35mCOMMIT[0m
  ↳ app/controllers/hospitals_controller.rb:27:in `block in create'
Redirected to http://localhost:3000/hospitals/1
Completed 302 Found in 10ms (ActiveRecord: 5.2ms | Allocations: 3692)


Started GET "/hospitals/1" for ::1 at 2024-03-01 15:41:43 +0200
Processing by HospitalsController#show as HTML
  Parameters: {"id"=>"1"}
  [1m[36mHospital Load (0.3ms)[0m  [1m[34mSELECT `hospitals`.* FROM `hospitals` WHERE `hospitals`.`id` = 1 LIMIT 1[0m
  ↳ app/controllers/hospitals_controller.rb:63:in `set_hospital'
  Rendering layout layouts/application.html.erb
  Rendering hospitals/show.html.erb within layouts/application
  Rendered hospitals/_hospital.html.erb (Duration: 0.3ms | Allocations: 323)
  Rendered hospitals/show.html.erb within layouts/application (Duration: 2.5ms | Allocations: 1684)
  Rendered layout layouts/application.html.erb (Duration: 4.1ms | Allocations: 3879)
Completed 200 OK in 12ms (Views: 4.6ms | ActiveRecord: 0.3ms | Allocations: 12048)


Started DELETE "/hospitals/1" for ::1 at 2024-03-01 15:41:45 +0200
Processing by HospitalsController#destroy as HTML
  Parameters: {"authenticity_token"=>"[FILTERED]", "id"=>"1"}
  [1m[36mHospital Load (0.6ms)[0m  [1m[34mSELECT `hospitals`.* FROM `hospitals` WHERE `hospitals`.`id` = 1 LIMIT 1[0m
  ↳ app/controllers/hospitals_controller.rb:63:in `set_hospital'
  [1m[36mTRANSACTION (0.1ms)[0m  [1m[35mBEGIN[0m
  ↳ app/controllers/hospitals_controller.rb:52:in `destroy'
  [1m[36mHospital Destroy (0.4ms)[0m  [1m[31mDELETE FROM `hospitals` WHERE `hospitals`.`id` = 1[0m
  ↳ app/controllers/hospitals_controller.rb:52:in `destroy'
  [1m[36mTRANSACTION (4.0ms)[0m  [1m[35mCOMMIT[0m
  ↳ app/controllers/hospitals_controller.rb:52:in `destroy'
Redirected to http://localhost:3000/hospitals
Completed 302 Found in 12ms (ActiveRecord: 5.0ms | Allocations: 2831)


Started GET "/hospitals" for ::1 at 2024-03-01 15:41:45 +0200
Processing by HospitalsController#index as HTML
  Rendering layout layouts/application.html.erb
  Rendering hospitals/index.html.erb within layouts/application
  [1m[36mHospital Load (0.2ms)[0m  [1m[34mSELECT `hospitals`.* FROM `hospitals`[0m
  ↳ app/views/hospitals/index.html.erb:6
  Rendered hospitals/index.html.erb within layouts/application (Duration: 1.4ms | Allocations: 897)
  Rendered layout layouts/application.html.erb (Duration: 2.7ms | Allocations: 3002)
Completed 200 OK in 3ms (Views: 2.9ms | ActiveRecord: 0.2ms | Allocations: 3345)


Started GET "/hospitals/new" for ::1 at 2024-03-01 15:41:46 +0200
Processing by HospitalsController#new as HTML
  Rendering layout layouts/application.html.erb
  Rendering hospitals/new.html.erb within layouts/application
  Rendered hospitals/_form.html.erb (Duration: 1.9ms | Allocations: 1221)
  Rendered hospitals/new.html.erb within layouts/application (Duration: 2.2ms | Allocations: 1299)
  Rendered layout layouts/application.html.erb (Duration: 3.8ms | Allocations: 3390)
Completed 200 OK in 5ms (Views: 4.3ms | ActiveRecord: 0.0ms | Allocations: 3715)


Started POST "/hospitals" for ::1 at 2024-03-01 15:41:54 +0200
Processing by HospitalsController#create as HTML
  Parameters: {"authenticity_token"=>"[FILTERED]", "hospital"=>{"name"=>"j6hergter", "country"=>"myrntebrv", "city"=>"7trynhbf", "phone_number"=>"465367843"}, "commit"=>"Create Hospital"}
  [1m[36mTRANSACTION (0.1ms)[0m  [1m[35mBEGIN[0m
  ↳ app/controllers/hospitals_controller.rb:27:in `block in create'
  [1m[36mHospital Create (1.3ms)[0m  [1m[32mINSERT INTO `hospitals` (`name`, `country`, `city`, `phone_number`, `created_at`, `updated_at`) VALUES ('j6hergter', 'myrntebrv', '7trynhbf', '465367843', '2024-03-01 13:41:54.455297', '2024-03-01 13:41:54.455297')[0m
  ↳ app/controllers/hospitals_controller.rb:27:in `block in create'
  [1m[36mTRANSACTION (9.5ms)[0m  [1m[35mCOMMIT[0m
  ↳ app/controllers/hospitals_controller.rb:27:in `block in create'
Redirected to http://localhost:3000/hospitals/2
Completed 302 Found in 15ms (ActiveRecord: 10.9ms | Allocations: 2424)


Started GET "/hospitals/2" for ::1 at 2024-03-01 15:41:54 +0200
Processing by HospitalsController#show as HTML
  Parameters: {"id"=>"2"}
  [1m[36mHospital Load (0.3ms)[0m  [1m[34mSELECT `hospitals`.* FROM `hospitals` WHERE `hospitals`.`id` = 2 LIMIT 1[0m
  ↳ app/controllers/hospitals_controller.rb:63:in `set_hospital'
  Rendering layout layouts/application.html.erb
  Rendering hospitals/show.html.erb within layouts/application
  Rendered hospitals/_hospital.html.erb (Duration: 0.0ms | Allocations: 22)
  Rendered hospitals/show.html.erb within layouts/application (Duration: 0.8ms | Allocations: 540)
  Rendered layout layouts/application.html.erb (Duration: 1.9ms | Allocations: 2627)
Completed 200 OK in 4ms (Views: 2.3ms | ActiveRecord: 0.3ms | Allocations: 3457)


Started GET "/hospitals" for ::1 at 2024-03-01 15:41:57 +0200
Processing by HospitalsController#index as HTML
  Rendering layout layouts/application.html.erb
  Rendering hospitals/index.html.erb within layouts/application
  [1m[36mHospital Load (0.6ms)[0m  [1m[34mSELECT `hospitals`.* FROM `hospitals`[0m
  ↳ app/views/hospitals/index.html.erb:6
  Rendered hospitals/_hospital.html.erb (Duration: 0.1ms | Allocations: 22)
  Rendered hospitals/index.html.erb within layouts/application (Duration: 4.0ms | Allocations: 971)
  Rendered layout layouts/application.html.erb (Duration: 6.4ms | Allocations: 3094)
Completed 200 OK in 8ms (Views: 6.5ms | ActiveRecord: 0.6ms | Allocations: 3411)


Started GET "/hospitals/new" for ::1 at 2024-03-01 15:41:58 +0200
Processing by HospitalsController#new as HTML
  Rendering layout layouts/application.html.erb
  Rendering hospitals/new.html.erb within layouts/application
  Rendered hospitals/_form.html.erb (Duration: 1.9ms | Allocations: 1162)
  Rendered hospitals/new.html.erb within layouts/application (Duration: 2.3ms | Allocations: 1237)
  Rendered layout layouts/application.html.erb (Duration: 3.7ms | Allocations: 3328)
Completed 200 OK in 5ms (Views: 4.2ms | ActiveRecord: 0.0ms | Allocations: 3649)


Started POST "/hospitals" for ::1 at 2024-03-01 15:42:08 +0200
Processing by HospitalsController#create as HTML
  Parameters: {"authenticity_token"=>"[FILTERED]", "hospital"=>{"name"=>"ujntdhbv", "country"=>"rytnbfdwvr", "city"=>"tiu,mut", "phone_number"=>"7648900"}, "commit"=>"Create Hospital"}
  [1m[36mTRANSACTION (0.2ms)[0m  [1m[35mBEGIN[0m
  ↳ app/controllers/hospitals_controller.rb:27:in `block in create'
  [1m[36mHospital Create (1.6ms)[0m  [1m[32mINSERT INTO `hospitals` (`name`, `country`, `city`, `phone_number`, `created_at`, `updated_at`) VALUES ('ujntdhbv', 'rytnbfdwvr', 'tiu,mut', '7648900', '2024-03-01 13:42:08.573233', '2024-03-01 13:42:08.573233')[0m
  ↳ app/controllers/hospitals_controller.rb:27:in `block in create'
  [1m[36mTRANSACTION (10.1ms)[0m  [1m[35mCOMMIT[0m
  ↳ app/controllers/hospitals_controller.rb:27:in `block in create'
Redirected to http://localhost:3000/hospitals/3
Completed 302 Found in 15ms (ActiveRecord: 11.8ms | Allocations: 2369)


Started GET "/hospitals/3" for ::1 at 2024-03-01 15:42:08 +0200
Processing by HospitalsController#show as HTML
  Parameters: {"id"=>"3"}
  [1m[36mHospital Load (0.2ms)[0m  [1m[34mSELECT `hospitals`.* FROM `hospitals` WHERE `hospitals`.`id` = 3 LIMIT 1[0m
  ↳ app/controllers/hospitals_controller.rb:63:in `set_hospital'
  Rendering layout layouts/application.html.erb
  Rendering hospitals/show.html.erb within layouts/application
  Rendered hospitals/_hospital.html.erb (Duration: 0.1ms | Allocations: 22)
  Rendered hospitals/show.html.erb within layouts/application (Duration: 1.0ms | Allocations: 541)
  Rendered layout layouts/application.html.erb (Duration: 2.5ms | Allocations: 2633)
Completed 200 OK in 4ms (Views: 2.9ms | ActiveRecord: 0.2ms | Allocations: 3466)


Started GET "/hospitals" for ::1 at 2024-03-01 15:42:10 +0200
Processing by HospitalsController#index as HTML
  Rendering layout layouts/application.html.erb
  Rendering hospitals/index.html.erb within layouts/application
  [1m[36mHospital Load (0.4ms)[0m  [1m[34mSELECT `hospitals`.* FROM `hospitals`[0m
  ↳ app/views/hospitals/index.html.erb:6
  Rendered hospitals/_hospital.html.erb (Duration: 0.1ms | Allocations: 22)
  Rendered hospitals/_hospital.html.erb (Duration: 0.1ms | Allocations: 21)
  Rendered hospitals/index.html.erb within layouts/application (Duration: 2.8ms | Allocations: 1105)
  Rendered layout layouts/application.html.erb (Duration: 4.4ms | Allocations: 3209)
Completed 200 OK in 5ms (Views: 4.5ms | ActiveRecord: 0.4ms | Allocations: 3527)


Started GET "/" for ::1 at 2024-03-01 15:42:15 +0200
Processing by MainController#index as HTML
  Rendering layout layouts/application.html.erb
  Rendering main/index.html.erb within layouts/application
  Rendered main/index.html.erb within layouts/application (Duration: 0.2ms | Allocations: 116)
  Rendered layout layouts/application.html.erb (Duration: 2.7ms | Allocations: 2434)
Completed 200 OK in 4ms (Views: 3.3ms | ActiveRecord: 0.0ms | Allocations: 2726)


Started GET "/hospitals" for ::1 at 2024-03-01 15:42:16 +0200
Processing by HospitalsController#index as HTML
  Rendering layout layouts/application.html.erb
  Rendering hospitals/index.html.erb within layouts/application
  [1m[36mHospital Load (0.3ms)[0m  [1m[34mSELECT `hospitals`.* FROM `hospitals`[0m
  ↳ app/views/hospitals/index.html.erb:6
  Rendered hospitals/_hospital.html.erb (Duration: 0.1ms | Allocations: 22)
  Rendered hospitals/_hospital.html.erb (Duration: 0.0ms | Allocations: 21)
  Rendered hospitals/index.html.erb within layouts/application (Duration: 2.8ms | Allocations: 1105)
  Rendered layout layouts/application.html.erb (Duration: 4.4ms | Allocations: 3209)
Completed 200 OK in 5ms (Views: 4.5ms | ActiveRecord: 0.3ms | Allocations: 3526)


Started GET "/doctors" for ::1 at 2024-03-01 15:42:19 +0200
Processing by DoctorsController#index as HTML
  Rendering layout layouts/application.html.erb
  Rendering doctors/index.html.erb within layouts/application
  [1m[36mDoctor Load (0.3ms)[0m  [1m[34mSELECT `doctors`.* FROM `doctors`[0m
  ↳ app/views/doctors/index.html.erb:6
  Rendered doctors/index.html.erb within layouts/application (Duration: 2.9ms | Allocations: 844)
  Rendered layout layouts/application.html.erb (Duration: 5.3ms | Allocations: 2948)
Completed 200 OK in 7ms (Views: 6.1ms | ActiveRecord: 0.3ms | Allocations: 3266)


Started GET "/doctors/new" for ::1 at 2024-03-01 15:42:22 +0200
Processing by DoctorsController#new as HTML
  Rendering layout layouts/application.html.erb
  Rendering doctors/new.html.erb within layouts/application
  Rendered doctors/_form.html.erb (Duration: 2.1ms | Allocations: 1783)
  Rendered doctors/new.html.erb within layouts/application (Duration: 2.6ms | Allocations: 2076)
  Rendered layout layouts/application.html.erb (Duration: 3.7ms | Allocations: 4167)
Completed 200 OK in 18ms (Views: 4.1ms | ActiveRecord: 2.0ms | Allocations: 32190)


Started GET "/doctors" for ::1 at 2024-03-01 15:42:23 +0200
Processing by DoctorsController#index as HTML
  Rendering layout layouts/application.html.erb
  Rendering doctors/index.html.erb within layouts/application
  [1m[36mDoctor Load (0.2ms)[0m  [1m[34mSELECT `doctors`.* FROM `doctors`[0m
  ↳ app/views/doctors/index.html.erb:6
  Rendered doctors/index.html.erb within layouts/application (Duration: 1.5ms | Allocations: 843)
  Rendered layout layouts/application.html.erb (Duration: 3.0ms | Allocations: 2947)
Completed 200 OK in 4ms (Views: 3.2ms | ActiveRecord: 0.2ms | Allocations: 3264)


Started GET "/" for ::1 at 2024-03-01 15:42:26 +0200
Processing by MainController#index as HTML
  Rendering layout layouts/application.html.erb
  Rendering main/index.html.erb within layouts/application
  Rendered main/index.html.erb within layouts/application (Duration: 0.3ms | Allocations: 116)
  Rendered layout layouts/application.html.erb (Duration: 2.3ms | Allocations: 2434)
Completed 200 OK in 3ms (Views: 2.8ms | ActiveRecord: 0.0ms | Allocations: 2726)


Started GET "/patients" for ::1 at 2024-03-01 15:42:27 +0200
Processing by PatientsController#index as HTML
  Rendering layout layouts/application.html.erb
  Rendering patients/index.html.erb within layouts/application
  [1m[36mPatient Load (0.2ms)[0m  [1m[34mSELECT `patients`.* FROM `patients`[0m
  ↳ app/views/patients/index.html.erb:6
  Rendered patients/index.html.erb within layouts/application (Duration: 1.7ms | Allocations: 850)
  Rendered layout layouts/application.html.erb (Duration: 3.1ms | Allocations: 2954)
Completed 200 OK in 4ms (Views: 3.4ms | ActiveRecord: 0.2ms | Allocations: 3272)


Started GET "/patients/new" for ::1 at 2024-03-01 15:42:28 +0200
Processing by PatientsController#new as HTML
  Rendering layout layouts/application.html.erb
  Rendering patients/new.html.erb within layouts/application
  Rendered patients/_form.html.erb (Duration: 2.1ms | Allocations: 1452)
  Rendered patients/new.html.erb within layouts/application (Duration: 3.0ms | Allocations: 1738)
  Rendered layout layouts/application.html.erb (Duration: 4.5ms | Allocations: 3833)
Completed 200 OK in 10ms (Views: 5.2ms | ActiveRecord: 0.0ms | Allocations: 6720)


Started POST "/patients" for ::1 at 2024-03-01 15:42:52 +0200
Processing by PatientsController#create as HTML
  Parameters: {"authenticity_token"=>"[FILTERED]", "patient"=>{"name"=>"djosafldk aekf;skdsa", "gender"=>"m", "date_of_birth"=>"2002-10-18"}, "commit"=>"Create Patient"}
  [1m[36mTRANSACTION (0.2ms)[0m  [1m[35mBEGIN[0m
  ↳ app/controllers/patients_controller.rb:27:in `block in create'
  [1m[36mPatient Create (1.3ms)[0m  [1m[32mINSERT INTO `patients` (`name`, `gender`, `date_of_birth`, `created_at`, `updated_at`) VALUES ('djosafldk aekf;skdsa', 'm', '2002-10-18', '2024-03-01 13:42:52.613097', '2024-03-01 13:42:52.613097')[0m
  ↳ app/controllers/patients_controller.rb:27:in `block in create'
  [1m[36mTRANSACTION (3.8ms)[0m  [1m[35mCOMMIT[0m
  ↳ app/controllers/patients_controller.rb:27:in `block in create'
Redirected to http://localhost:3000/patients/1
Completed 302 Found in 9ms (ActiveRecord: 5.3ms | Allocations: 2495)


Started GET "/patients/1" for ::1 at 2024-03-01 15:42:52 +0200
Processing by PatientsController#show as HTML
  Parameters: {"id"=>"1"}
  [1m[36mPatient Load (0.5ms)[0m  [1m[34mSELECT `patients`.* FROM `patients` WHERE `patients`.`id` = 1 LIMIT 1[0m
  ↳ app/controllers/patients_controller.rb:63:in `set_patient'
  Rendering layout layouts/application.html.erb
  Rendering patients/show.html.erb within layouts/application
  Rendered patients/_patient.html.erb (Duration: 0.3ms | Allocations: 231)
  Rendered patients/show.html.erb within layouts/application (Duration: 1.8ms | Allocations: 1079)
  Rendered layout layouts/application.html.erb (Duration: 3.0ms | Allocations: 3166)
Completed 200 OK in 6ms (Views: 3.4ms | ActiveRecord: 0.4ms | Allocations: 4761)


Started GET "/patients" for ::1 at 2024-03-01 15:42:55 +0200
Processing by PatientsController#index as HTML
  Rendering layout layouts/application.html.erb
  Rendering patients/index.html.erb within layouts/application
  [1m[36mPatient Load (0.4ms)[0m  [1m[34mSELECT `patients`.* FROM `patients`[0m
  ↳ app/views/patients/index.html.erb:6
  Rendered patients/_patient.html.erb (Duration: 0.1ms | Allocations: 20)
  Rendered patients/index.html.erb within layouts/application (Duration: 3.0ms | Allocations: 984)
  Rendered layout layouts/application.html.erb (Duration: 5.3ms | Allocations: 3088)
Completed 200 OK in 6ms (Views: 5.5ms | ActiveRecord: 0.4ms | Allocations: 3405)


Started GET "/patients/new" for ::1 at 2024-03-01 15:42:56 +0200
Processing by PatientsController#new as HTML
  Rendering layout layouts/application.html.erb
  Rendering patients/new.html.erb within layouts/application
  Rendered patients/_form.html.erb (Duration: 1.8ms | Allocations: 984)
  Rendered patients/new.html.erb within layouts/application (Duration: 2.1ms | Allocations: 1059)
  Rendered layout layouts/application.html.erb (Duration: 3.5ms | Allocations: 3151)
Completed 200 OK in 4ms (Views: 3.9ms | ActiveRecord: 0.0ms | Allocations: 3472)


Started POST "/patients" for ::1 at 2024-03-01 15:43:08 +0200
Processing by PatientsController#create as HTML
  Parameters: {"authenticity_token"=>"[FILTERED]", "patient"=>{"name"=>"jhdrs bsrg", "gender"=>"w", "date_of_birth"=>"1987-07-23"}, "commit"=>"Create Patient"}
  [1m[36mTRANSACTION (0.2ms)[0m  [1m[35mBEGIN[0m
  ↳ app/controllers/patients_controller.rb:27:in `block in create'
  [1m[36mPatient Create (1.8ms)[0m  [1m[32mINSERT INTO `patients` (`name`, `gender`, `date_of_birth`, `created_at`, `updated_at`) VALUES ('jhdrs bsrg', 'w', '1987-07-23', '2024-03-01 13:43:08.026086', '2024-03-01 13:43:08.026086')[0m
  ↳ app/controllers/patients_controller.rb:27:in `block in create'
  [1m[36mTRANSACTION (4.2ms)[0m  [1m[35mCOMMIT[0m
  ↳ app/controllers/patients_controller.rb:27:in `block in create'
Redirected to http://localhost:3000/patients/2
Completed 302 Found in 11ms (ActiveRecord: 6.1ms | Allocations: 2348)


Started GET "/patients/2" for ::1 at 2024-03-01 15:43:08 +0200
Processing by PatientsController#show as HTML
  Parameters: {"id"=>"2"}
  [1m[36mPatient Load (0.3ms)[0m  [1m[34mSELECT `patients`.* FROM `patients` WHERE `patients`.`id` = 2 LIMIT 1[0m
  ↳ app/controllers/patients_controller.rb:63:in `set_patient'
  Rendering layout layouts/application.html.erb
  Rendering patients/show.html.erb within layouts/application
  Rendered patients/_patient.html.erb (Duration: 0.1ms | Allocations: 20)
  Rendered patients/show.html.erb within layouts/application (Duration: 1.0ms | Allocations: 536)
  Rendered layout layouts/application.html.erb (Duration: 2.5ms | Allocations: 2623)
Completed 200 OK in 5ms (Views: 2.9ms | ActiveRecord: 0.3ms | Allocations: 3452)


Started GET "/patients" for ::1 at 2024-03-01 15:43:10 +0200
Processing by PatientsController#index as HTML
  Rendering layout layouts/application.html.erb
  Rendering patients/index.html.erb within layouts/application
  [1m[36mPatient Load (0.3ms)[0m  [1m[34mSELECT `patients`.* FROM `patients`[0m
  ↳ app/views/patients/index.html.erb:6
  Rendered patients/_patient.html.erb (Duration: 0.1ms | Allocations: 20)
  Rendered patients/_patient.html.erb (Duration: 0.1ms | Allocations: 19)
  Rendered patients/index.html.erb within layouts/application (Duration: 2.8ms | Allocations: 1103)
  Rendered layout layouts/application.html.erb (Duration: 4.7ms | Allocations: 3207)
Completed 200 OK in 6ms (Views: 5.3ms | ActiveRecord: 0.3ms | Allocations: 3524)


Started GET "/" for ::1 at 2024-03-01 15:43:15 +0200
Processing by MainController#index as HTML
  Rendering layout layouts/application.html.erb
  Rendering main/index.html.erb within layouts/application
  Rendered main/index.html.erb within layouts/application (Duration: 0.2ms | Allocations: 116)
  Rendered layout layouts/application.html.erb (Duration: 2.4ms | Allocations: 2454)
Completed 200 OK in 3ms (Views: 2.9ms | ActiveRecord: 0.0ms | Allocations: 2746)


Started GET "/hospitals" for ::1 at 2024-03-01 15:46:11 +0200
Processing by HospitalsController#index as HTML
  Rendering layout layouts/application.html.erb
  Rendering hospitals/index.html.erb within layouts/application
  [1m[36mHospital Load (0.3ms)[0m  [1m[34mSELECT `hospitals`.* FROM `hospitals`[0m
  ↳ app/views/hospitals/index.html.erb:6
  Rendered hospitals/_hospital.html.erb (Duration: 0.1ms | Allocations: 22)
  Rendered hospitals/_hospital.html.erb (Duration: 0.0ms | Allocations: 21)
  Rendered hospitals/index.html.erb within layouts/application (Duration: 2.4ms | Allocations: 1107)
  Rendered layout layouts/application.html.erb (Duration: 4.9ms | Allocations: 3211)
Completed 200 OK in 6ms (Views: 5.3ms | ActiveRecord: 0.3ms | Allocations: 3535)


Started GET "/doctors" for ::1 at 2024-03-01 15:46:13 +0200
Processing by DoctorsController#index as HTML
  Rendering layout layouts/application.html.erb
  Rendering doctors/index.html.erb within layouts/application
  [1m[36mDoctor Load (0.2ms)[0m  [1m[34mSELECT `doctors`.* FROM `doctors`[0m
  ↳ app/views/doctors/index.html.erb:6
  Rendered doctors/index.html.erb within layouts/application (Duration: 1.8ms | Allocations: 846)
  Rendered layout layouts/application.html.erb (Duration: 3.8ms | Allocations: 2950)
Completed 200 OK in 5ms (Views: 4.1ms | ActiveRecord: 0.2ms | Allocations: 3267)


Started GET "/hospitals" for ::1 at 2024-03-01 15:46:15 +0200
Processing by HospitalsController#index as HTML
  Rendering layout layouts/application.html.erb
  Rendering hospitals/index.html.erb within layouts/application
  [1m[36mHospital Load (0.4ms)[0m  [1m[34mSELECT `hospitals`.* FROM `hospitals`[0m
  ↳ app/views/hospitals/index.html.erb:6
  Rendered hospitals/_hospital.html.erb (Duration: 0.1ms | Allocations: 22)
  Rendered hospitals/_hospital.html.erb (Duration: 0.0ms | Allocations: 21)
  Rendered hospitals/index.html.erb within layouts/application (Duration: 2.6ms | Allocations: 1091)
  Rendered layout layouts/application.html.erb (Duration: 4.0ms | Allocations: 3195)
Completed 200 OK in 5ms (Views: 4.0ms | ActiveRecord: 0.4ms | Allocations: 3512)


Started GET "/doctors" for ::1 at 2024-03-01 15:46:18 +0200
Processing by DoctorsController#index as HTML
  Rendering layout layouts/application.html.erb
  Rendering doctors/index.html.erb within layouts/application
  [1m[36mDoctor Load (0.3ms)[0m  [1m[34mSELECT `doctors`.* FROM `doctors`[0m
  ↳ app/views/doctors/index.html.erb:6
  Rendered doctors/index.html.erb within layouts/application (Duration: 2.4ms | Allocations: 842)
  Rendered layout layouts/application.html.erb (Duration: 3.7ms | Allocations: 2946)
Completed 200 OK in 5ms (Views: 3.9ms | ActiveRecord: 0.3ms | Allocations: 3263)


Started GET "/patients" for ::1 at 2024-03-01 15:46:20 +0200
Processing by PatientsController#index as HTML
  Rendering layout layouts/application.html.erb
  Rendering patients/index.html.erb within layouts/application
  [1m[36mPatient Load (0.4ms)[0m  [1m[34mSELECT `patients`.* FROM `patients`[0m
  ↳ app/views/patients/index.html.erb:6
  Rendered patients/_patient.html.erb (Duration: 0.1ms | Allocations: 20)
  Rendered patients/_patient.html.erb (Duration: 0.1ms | Allocations: 19)
  Rendered patients/index.html.erb within layouts/application (Duration: 3.9ms | Allocations: 1085)
  Rendered layout layouts/application.html.erb (Duration: 6.6ms | Allocations: 3189)
Completed 200 OK in 8ms (Views: 7.3ms | ActiveRecord: 0.3ms | Allocations: 3506)


Started GET "/hospitals" for ::1 at 2024-03-01 15:59:29 +0200
Processing by HospitalsController#index as HTML
  Rendering layout layouts/application.html.erb
  Rendering hospitals/index.html.erb within layouts/application
  [1m[36mHospital Load (0.3ms)[0m  [1m[34mSELECT `hospitals`.* FROM `hospitals`[0m
  ↳ app/views/hospitals/index.html.erb:6
  Rendered hospitals/_hospital.html.erb (Duration: 0.1ms | Allocations: 22)
  Rendered hospitals/_hospital.html.erb (Duration: 0.1ms | Allocations: 21)
  Rendered hospitals/index.html.erb within layouts/application (Duration: 3.6ms | Allocations: 1227)
  Rendered layout layouts/application.html.erb (Duration: 5.6ms | Allocations: 3345)
Completed 200 OK in 7ms (Views: 5.9ms | ActiveRecord: 0.6ms | Allocations: 3662)


Started GET "/doctors" for ::1 at 2024-03-01 15:59:32 +0200
Processing by DoctorsController#index as HTML
  Rendering layout layouts/application.html.erb
  Rendering doctors/index.html.erb within layouts/application
  [1m[36mDoctor Load (0.4ms)[0m  [1m[34mSELECT `doctors`.* FROM `doctors`[0m
  ↳ app/views/doctors/index.html.erb:6
  Rendered doctors/index.html.erb within layouts/application (Duration: 6.9ms | Allocations: 844)
  Rendered layout layouts/application.html.erb (Duration: 8.7ms | Allocations: 2953)
Completed 200 OK in 10ms (Views: 9.0ms | ActiveRecord: 0.4ms | Allocations: 3271)


Started GET "/doctors/new" for ::1 at 2024-03-01 15:59:33 +0200
Processing by DoctorsController#new as HTML
  Rendering layout layouts/application.html.erb
  Rendering doctors/new.html.erb within layouts/application
  Rendered doctors/_form.html.erb (Duration: 1.3ms | Allocations: 1158)
  Rendered doctors/new.html.erb within layouts/application (Duration: 1.4ms | Allocations: 1233)
  Rendered layout layouts/application.html.erb (Duration: 3.3ms | Allocations: 3329)
Completed 200 OK in 4ms (Views: 3.9ms | ActiveRecord: 0.0ms | Allocations: 3651)


Started POST "/doctors" for ::1 at 2024-03-01 15:59:45 +0200
Processing by DoctorsController#create as HTML
  Parameters: {"authenticity_token"=>"[FILTERED]", "doctor"=>{"hospital_id"=>"#<Hospital:0x0000559be6932ad8", "name"=>"sdfxgm", "specialization"=>"sdfhgv", "phone_number"=>"23575568"}, "commit"=>"Create Doctor"}
  [1m[36mTRANSACTION (0.1ms)[0m  [1m[35mBEGIN[0m
  ↳ app/controllers/doctors_controller.rb:27:in `block in create'
  [1m[36mHospital Load (0.3ms)[0m  [1m[34mSELECT `hospitals`.* FROM `hospitals` WHERE `hospitals`.`id` = 0 LIMIT 1[0m
  ↳ app/controllers/doctors_controller.rb:27:in `block in create'
  [1m[36mTRANSACTION (0.2ms)[0m  [1m[31mROLLBACK[0m
  ↳ app/controllers/doctors_controller.rb:27:in `block in create'
  Rendering layout layouts/application.html.erb
  Rendering doctors/new.html.erb within layouts/application
  Rendered doctors/_form.html.erb (Duration: 2.5ms | Allocations: 1496)
  Rendered doctors/new.html.erb within layouts/application (Duration: 2.9ms | Allocations: 1579)
  Rendered layout layouts/application.html.erb (Duration: 4.4ms | Allocations: 3771)
Completed 422 Unprocessable Entity in 23ms (Views: 4.9ms | ActiveRecord: 0.6ms | Allocations: 18287)


Started POST "/doctors" for ::1 at 2024-03-01 15:59:50 +0200
Processing by DoctorsController#create as HTML
  Parameters: {"authenticity_token"=>"[FILTERED]", "doctor"=>{"hospital_id"=>"sdgdfg", "name"=>"sdfxgm", "specialization"=>"sdfhgv", "phone_number"=>"23575568"}, "commit"=>"Create Doctor"}
  [1m[36mTRANSACTION (0.3ms)[0m  [1m[35mBEGIN[0m
  ↳ app/controllers/doctors_controller.rb:27:in `block in create'
  [1m[36mHospital Load (0.4ms)[0m  [1m[34mSELECT `hospitals`.* FROM `hospitals` WHERE `hospitals`.`id` = 0 LIMIT 1[0m
  ↳ app/controllers/doctors_controller.rb:27:in `block in create'
  [1m[36mTRANSACTION (0.2ms)[0m  [1m[31mROLLBACK[0m
  ↳ app/controllers/doctors_controller.rb:27:in `block in create'
  Rendering layout layouts/application.html.erb
  Rendering doctors/new.html.erb within layouts/application
  Rendered doctors/_form.html.erb (Duration: 2.3ms | Allocations: 1276)
  Rendered doctors/new.html.erb within layouts/application (Duration: 2.7ms | Allocations: 1351)
  Rendered layout layouts/application.html.erb (Duration: 5.1ms | Allocations: 3438)
Completed 422 Unprocessable Entity in 13ms (Views: 5.8ms | ActiveRecord: 0.9ms | Allocations: 6618)


Started POST "/doctors" for ::1 at 2024-03-01 15:59:52 +0200
Processing by DoctorsController#create as HTML
  Parameters: {"authenticity_token"=>"[FILTERED]", "doctor"=>{"hospital_id"=>"sdgdfg", "name"=>"sdfxgm", "specialization"=>"sdfhgv", "phone_number"=>"23575568"}, "commit"=>"Create Doctor"}
  [1m[36mTRANSACTION (0.2ms)[0m  [1m[35mBEGIN[0m
  ↳ app/controllers/doctors_controller.rb:27:in `block in create'
  [1m[36mHospital Load (0.5ms)[0m  [1m[34mSELECT `hospitals`.* FROM `hospitals` WHERE `hospitals`.`id` = 0 LIMIT 1[0m
  ↳ app/controllers/doctors_controller.rb:27:in `block in create'
  [1m[36mTRANSACTION (0.2ms)[0m  [1m[31mROLLBACK[0m
  ↳ app/controllers/doctors_controller.rb:27:in `block in create'
  Rendering layout layouts/application.html.erb
  Rendering doctors/new.html.erb within layouts/application
  Rendered doctors/_form.html.erb (Duration: 2.3ms | Allocations: 1276)
  Rendered doctors/new.html.erb within layouts/application (Duration: 2.6ms | Allocations: 1351)
  Rendered layout layouts/application.html.erb (Duration: 4.1ms | Allocations: 3438)
Completed 422 Unprocessable Entity in 13ms (Views: 4.7ms | ActiveRecord: 0.9ms | Allocations: 6522)


Started GET "/doctors" for ::1 at 2024-03-01 16:03:43 +0200
Processing by DoctorsController#index as HTML
  Rendering layout layouts/application.html.erb
  Rendering doctors/index.html.erb within layouts/application
  [1m[36mDoctor Load (0.3ms)[0m  [1m[34mSELECT `doctors`.* FROM `doctors`[0m
  ↳ app/views/doctors/index.html.erb:6
  Rendered doctors/index.html.erb within layouts/application (Duration: 2.5ms | Allocations: 854)
  Rendered layout layouts/application.html.erb (Duration: 4.5ms | Allocations: 2965)
Completed 200 OK in 6ms (Views: 5.0ms | ActiveRecord: 0.3ms | Allocations: 3283)


Started GET "/" for ::1 at 2024-03-01 16:03:45 +0200
Processing by MainController#index as HTML
  Rendering layout layouts/application.html.erb
  Rendering main/index.html.erb within layouts/application
  Rendered main/index.html.erb within layouts/application (Duration: 0.3ms | Allocations: 116)
  Rendered layout layouts/application.html.erb (Duration: 2.7ms | Allocations: 2428)
Completed 200 OK in 4ms (Views: 3.4ms | ActiveRecord: 0.0ms | Allocations: 2720)


